==186== Memcheck, a memory error detector
==186== Copyright (C) 2002-2017, and GNU GPL'd, by Julian Seward et al.
==186== Using Valgrind-3.18.1 and LibVEX; rerun with -h for copyright info
==186== Command: /tmp/tmpgbwrjdl_/student/build//bin/unit_tests
==186== 
Running main() from /tmp/tmpgbwrjdl_/student/unit_tests/lib/googletest/src/gtest_main.cc
[==========] Running 16 tests from 2 test suites.
[----------] Global test environment set-up.
[----------] 9 tests from LinuxTester
[ RUN      ] LinuxTester.defaultConstructor
[       OK ] LinuxTester.defaultConstructor (33 ms)
[ RUN      ] LinuxTester.constructorWithSingleArgument
[       OK ] LinuxTester.constructorWithSingleArgument (5 ms)
[ RUN      ] LinuxTester.destructor
[       OK ] LinuxTester.destructor (4 ms)
[ RUN      ] LinuxTester.addSingleUser_expectedUserIdReturned
[       OK ] LinuxTester.addSingleUser_expectedUserIdReturned (13 ms)
[ RUN      ] LinuxTester.user_expectedNewlyAddedUserReturned
[       OK ] LinuxTester.user_expectedNewlyAddedUserReturned (8 ms)
[ RUN      ] LinuxTester.userHomeDirectory_expectedCorrectUserHomeDirectoryReturned
[       OK ] LinuxTester.userHomeDirectory_expectedCorrectUserHomeDirectoryReturned (6 ms)
[ RUN      ] LinuxTester.instanceConstructionAndDestruction_expectedOpenSourceSympathizersChanges
[       OK ] LinuxTester.instanceConstructionAndDestruction_expectedOpenSourceSympathizersChanges (7 ms)
[ RUN      ] LinuxTester.characterType_definedInsideClass
[       OK ] LinuxTester.characterType_definedInsideClass (2 ms)
[ RUN      ] LinuxTester.testOptionalGraphicEnvironment
[       OK ] LinuxTester.testOptionalGraphicEnvironment (9 ms)
[----------] 9 tests from LinuxTester (104 ms total)

[----------] 7 tests from WindowsTester
[ RUN      ] WindowsTester.defaultConstructor
/tmp/tmpgbwrjdl_/student/unit_tests/windowsTests.cpp:49: Failure
Failed
Function not implemented
[  FAILED  ] WindowsTester.defaultConstructor (38 ms)
[ RUN      ] WindowsTester.constructorWithSingleArgument
/tmp/tmpgbwrjdl_/student/unit_tests/windowsTests.cpp:65: Failure
Failed
Function not implemented
[  FAILED  ] WindowsTester.constructorWithSingleArgument (6 ms)
[ RUN      ] WindowsTester.addSingleUser_expectedUserIdReturned
/tmp/tmpgbwrjdl_/student/unit_tests/windowsTests.cpp:83: Failure
Failed
Function not implemented
[  FAILED  ] WindowsTester.addSingleUser_expectedUserIdReturned (3 ms)
[ RUN      ] WindowsTester.user_expectedNewlyAddedUserReturned
/tmp/tmpgbwrjdl_/student/unit_tests/windowsTests.cpp:101: Failure
Failed
Function not implemented
[  FAILED  ] WindowsTester.user_expectedNewlyAddedUserReturned (3 ms)
[ RUN      ] WindowsTester.userHomeDirectory_expectedCorrectUserHomeDirectoryReturned
/tmp/tmpgbwrjdl_/student/unit_tests/windowsTests.cpp:121: Failure
Failed
Function not implemented
[  FAILED  ] WindowsTester.userHomeDirectory_expectedCorrectUserHomeDirectoryReturned (3 ms)
[ RUN      ] WindowsTester.instanceConstructionAndDestruction_expectedOpenSourceSympathizersChanges
/tmp/tmpgbwrjdl_/student/unit_tests/windowsTests.cpp:141: Failure
Failed
Function not implemented
[  FAILED  ] WindowsTester.instanceConstructionAndDestruction_expectedOpenSourceSympathizersChanges (3 ms)
[ RUN      ] WindowsTester.characterType_definedInsideClass
/tmp/tmpgbwrjdl_/student/unit_tests/windowsTests.cpp:172: Failure
Failed
Function not implemented
[  FAILED  ] WindowsTester.characterType_definedInsideClass (3 ms)
[----------] 7 tests from WindowsTester (65 ms total)

[----------] Global test environment tear-down
[==========] 16 tests from 2 test suites ran. (227 ms total)
[  PASSED  ] 9 tests.
[  FAILED  ] 7 tests, listed below:
[  FAILED  ] WindowsTester.defaultConstructor
[  FAILED  ] WindowsTester.constructorWithSingleArgument
[  FAILED  ] WindowsTester.addSingleUser_expectedUserIdReturned
[  FAILED  ] WindowsTester.user_expectedNewlyAddedUserReturned
[  FAILED  ] WindowsTester.userHomeDirectory_expectedCorrectUserHomeDirectoryReturned
[  FAILED  ] WindowsTester.instanceConstructionAndDestruction_expectedOpenSourceSympathizersChanges
[  FAILED  ] WindowsTester.characterType_definedInsideClass

 7 FAILED TESTS
==186== 
==186== HEAP SUMMARY:
==186==     in use at exit: 0 bytes in 0 blocks
==186==   total heap usage: 601 allocs, 601 frees, 174,196 bytes allocated
==186== 
==186== All heap blocks were freed -- no leaks are possible
==186== 
==186== For lists of detected and suppressed errors, rerun with: -s
==186== ERROR SUMMARY: 0 errors from 0 contexts (suppressed: 0 from 0)
